<?xml version="1.0" encoding="UTF-8"?>
<!-- Generated by org.testng.reporters.JUnitReportReporter -->
<testsuite hostname="Siva-PC" name="com.automationpractice.test.GuestUserCheckoutTestSuite" tests="1" failures="0" timestamp="23 Jan 2019 14:56:50 GMT" time="10.657" errors="0">
  <testcase name="test_10002_VerifyThetUserCanAbleToClickAddToCartButtonAndConfirm" time="10.657" classname="com.automationpractice.test.GuestUserCheckoutTestSuite"/>
</testsuite> <!-- com.automationpractice.test.GuestUserCheckoutTestSuite -->
