<?xml version="1.0" encoding="UTF-8"?>
<!-- Generated by org.testng.reporters.JUnitReportReporter -->
<testsuite hostname="Siva-PC" name="com.automationpractice.test.IndexPageQuicViewAsGuestUser" tests="4" failures="0" timestamp="29 Jan 2019 23:46:45 GMT" time="4.304" errors="0">
  <testcase name="test_10102_VerifyThatWhileMouseHoveringItemNameTextIsDispalyedOrNot" time="0.675" classname="com.automationpractice.test.IndexPageQuicViewAsGuestUser"/>
  <testcase name="test_10101_VerifyThatWhileMouseHoveringPriceAddToCartAndMoreButtonsAreDisplayingOrNot" time="2.283" classname="com.automationpractice.test.IndexPageQuicViewAsGuestUser"/>
  <testcase name="test_10100_VerifyThatMouseHoverIsHappeningOnAllItems" time="1.343" classname="com.automationpractice.test.IndexPageQuicViewAsGuestUser"/>
  <testcase name="test_10103_VerifyThatSevenItemsAreDisplayedInHomeFeatured" time="0.003" classname="com.automationpractice.test.IndexPageQuicViewAsGuestUser"/>
</testsuite> <!-- com.automationpractice.test.IndexPageQuicViewAsGuestUser -->
